2025-03-15 20:58:31,848 - __main__ - ERROR - Failed to load the model Incorrect path_or_model_id: 'modelsine_tuned_distilbert'. Please provide either the path to a local folder or the repo_id of a model on the Hub.
2025-03-15 20:59:04,088 - __main__ - ERROR - Failed to load the model Incorrect path_or_model_id: 'modelsine_tuned_distilbert'. Please provide either the path to a local folder or the repo_id of a model on the Hub.
2025-03-15 21:01:23,655 - __main__ - INFO - Loaded fine-tuned distilBERT from models\fine_tuned_distilbert
2025-03-15 21:20:10,239 - __main__ - ERROR - Failed to load the model models/distilbert_finetuned is not a local folder and is not a valid model identifier listed on 'https://huggingface.co/models'
If this is a private repository, make sure to pass a token having permission to this repo either by logging in with `huggingface-cli login` or by passing `token=<your_token>`
2025-03-15 21:20:50,322 - __main__ - ERROR - Failed to load the model models/distilbert_finetuned is not a local folder and is not a valid model identifier listed on 'https://huggingface.co/models'
If this is a private repository, make sure to pass a token having permission to this repo either by logging in with `huggingface-cli login` or by passing `token=<your_token>`
2025-03-15 21:21:35,474 - __main__ - ERROR - Failed to load the model Incorrect path_or_model_id: 'models\distilbert_finetuned'. Please provide either the path to a local folder or the repo_id of a model on the Hub.
2025-03-15 21:22:02,391 - __main__ - ERROR - Failed to load the model Incorrect path_or_model_id: 'models\distilbert_finetuned'. Please provide either the path to a local folder or the repo_id of a model on the Hub.
2025-03-15 21:22:40,604 - __main__ - ERROR - Failed to load the model Incorrect path_or_model_id: 'models\distilbert_finetuned'. Please provide either the path to a local folder or the repo_id of a model on the Hub.
2025-03-15 21:23:16,633 - __main__ - ERROR - Failed to load the model models/distilbert_finetuned is not a local folder and is not a valid model identifier listed on 'https://huggingface.co/models'
If this is a private repository, make sure to pass a token having permission to this repo either by logging in with `huggingface-cli login` or by passing `token=<your_token>`
2025-03-15 21:26:21,751 - __main__ - ERROR - Failed to load the model Incorrect path_or_model_id: 'models\distilbert_categorizer'. Please provide either the path to a local folder or the repo_id of a model on the Hub.
2025-03-15 21:27:50,547 - __main__ - INFO - Loaded fine-tuned distilBERT from models\fine_tuned_distilbert
2025-03-15 21:27:50,898 - __main__ - INFO - \U0001f50d Query: 'I need to reset my password.' -> Probabilities: {'Login and Account': 1.0, 'Order': 0.0, 'Shipping': 0.0, 'Cancellations and returns': 0.0, 'Warranty': 0.0, 'Shopping': 0.0}, Predicted Category: Login and Account
2025-03-15 21:27:50,972 - __main__ - INFO - \U0001f50d Query: 'Where is my order?' -> Probabilities: {'Login and Account': 0.0, 'Order': 0.974, 'Shipping': 0.0259, 'Cancellations and returns': 0.0, 'Warranty': 0.0, 'Shopping': 0.0}, Predicted Category: Order
2025-03-15 21:27:51,051 - __main__ - INFO - \U0001f50d Query: 'How long does shipping take?' -> Probabilities: {'Login and Account': 0.0, 'Order': 0.0, 'Shipping': 1.0, 'Cancellations and returns': 0.0, 'Warranty': 0.0, 'Shopping': 0.0}, Predicted Category: Shipping
2025-03-15 21:27:51,109 - __main__ - INFO - \U0001f50d Query: 'I want to return my product.' -> Probabilities: {'Login and Account': 0.0001, 'Order': 0.9677, 'Shipping': 0.0039, 'Cancellations and returns': 0.0279, 'Warranty': 0.0, 'Shopping': 0.0003}, Predicted Category: Order
2025-03-15 21:27:51,185 - __main__ - INFO - \U0001f50d Query: 'Does my laptop come with a warranty?' -> Probabilities: {'Login and Account': 0.9996, 'Order': 0.0, 'Shipping': 0.0, 'Cancellations and returns': 0.0001, 'Warranty': 0.0, 'Shopping': 0.0002}, Predicted Category: Login and Account
2025-03-15 21:27:51,235 - __main__ - INFO - \U0001f50d Query: 'What are the available deals today?' -> Probabilities: {'Login and Account': 0.0, 'Order': 1.0, 'Shipping': 0.0, 'Cancellations and returns': 0.0, 'Warranty': 0.0, 'Shopping': 0.0}, Predicted Category: Order
2025-03-15 21:30:02,358 - __main__ - INFO - Loaded fine-tuned distilBERT from models\fine_tuned_distilbert
2025-03-15 21:30:02,437 - __main__ - INFO - \U0001f50d Query: 'I need to reset my password.' -> Probabilities: {'Login and Account': 1.0, 'Order': 0.0, 'Shipping': 0.0, 'Cancellations and returns': 0.0, 'Warranty': 0.0, 'Shopping': 0.0}, Predicted Category: Login and Account
2025-03-15 21:30:02,501 - __main__ - INFO - \U0001f50d Query: 'Where is my order?' -> Probabilities: {'Login and Account': 0.0, 'Order': 0.974, 'Shipping': 0.0259, 'Cancellations and returns': 0.0, 'Warranty': 0.0, 'Shopping': 0.0}, Predicted Category: Order
2025-03-15 21:30:02,585 - __main__ - INFO - \U0001f50d Query: 'How long does shipping take?' -> Probabilities: {'Login and Account': 0.0, 'Order': 0.0, 'Shipping': 1.0, 'Cancellations and returns': 0.0, 'Warranty': 0.0, 'Shopping': 0.0}, Predicted Category: Shipping
2025-03-15 21:30:02,639 - __main__ - INFO - \U0001f50d Query: 'I want to return my product.' -> Probabilities: {'Login and Account': 0.0001, 'Order': 0.9677, 'Shipping': 0.0039, 'Cancellations and returns': 0.0279, 'Warranty': 0.0, 'Shopping': 0.0003}, Predicted Category: Order
2025-03-15 21:30:02,697 - __main__ - INFO - \U0001f50d Query: 'Does my laptop come with a warranty?' -> Probabilities: {'Login and Account': 0.9996, 'Order': 0.0, 'Shipping': 0.0, 'Cancellations and returns': 0.0001, 'Warranty': 0.0, 'Shopping': 0.0002}, Predicted Category: Login and Account
2025-03-15 21:30:02,740 - __main__ - INFO - \U0001f50d Query: 'What are the available deals today?' -> Probabilities: {'Login and Account': 0.0, 'Order': 1.0, 'Shipping': 0.0, 'Cancellations and returns': 0.0, 'Warranty': 0.0, 'Shopping': 0.0}, Predicted Category: Order
2025-03-15 21:30:59,350 - __main__ - INFO - Loaded fine-tuned distilBERT from models\fine_tuned_distilbert
2025-03-15 21:30:59,669 - __main__ - INFO - \U0001f50d Query: 'I need to reset my password.' -> Probabilities: {'Login and Account': 1.0, 'Order': 0.0, 'Shipping': 0.0, 'Cancellations and returns': 0.0, 'Warranty': 0.0, 'Shopping': 0.0}, Predicted Category: Login and Account
2025-03-15 21:30:59,743 - __main__ - INFO - \U0001f50d Query: 'Where is my order?' -> Probabilities: {'Login and Account': 0.0, 'Order': 0.974, 'Shipping': 0.0259, 'Cancellations and returns': 0.0, 'Warranty': 0.0, 'Shopping': 0.0}, Predicted Category: Order
2025-03-15 21:30:59,814 - __main__ - INFO - \U0001f50d Query: 'How long does shipping take?' -> Probabilities: {'Login and Account': 0.0, 'Order': 0.0, 'Shipping': 1.0, 'Cancellations and returns': 0.0, 'Warranty': 0.0, 'Shopping': 0.0}, Predicted Category: Shipping
2025-03-15 21:30:59,869 - __main__ - INFO - \U0001f50d Query: 'I want to return my product.' -> Probabilities: {'Login and Account': 0.0001, 'Order': 0.9677, 'Shipping': 0.0039, 'Cancellations and returns': 0.0279, 'Warranty': 0.0, 'Shopping': 0.0003}, Predicted Category: Order
2025-03-15 21:30:59,936 - __main__ - INFO - \U0001f50d Query: 'Does my laptop come with a warranty?' -> Probabilities: {'Login and Account': 0.9996, 'Order': 0.0, 'Shipping': 0.0, 'Cancellations and returns': 0.0001, 'Warranty': 0.0, 'Shopping': 0.0002}, Predicted Category: Login and Account
2025-03-15 21:30:59,977 - __main__ - INFO - \U0001f50d Query: 'What are the available deals today?' -> Probabilities: {'Login and Account': 0.0, 'Order': 1.0, 'Shipping': 0.0, 'Cancellations and returns': 0.0, 'Warranty': 0.0, 'Shopping': 0.0}, Predicted Category: Order
2025-03-15 21:31:38,553 - __main__ - INFO - Loaded fine-tuned distilBERT from models\fine_tuned_distilbert
2025-03-15 21:31:38,643 - __main__ - INFO - \U0001f50d Query: 'I need to reset my password.' -> Probabilities: {'Login and Account': 1.0, 'Order': 0.0, 'Shipping': 0.0, 'Cancellations and returns': 0.0, 'Warranty': 0.0, 'Shopping': 0.0}, Predicted Category: Login and Account
2025-03-15 21:31:38,711 - __main__ - INFO - \U0001f50d Query: 'Where is my order?' -> Probabilities: {'Login and Account': 0.0, 'Order': 0.974, 'Shipping': 0.0259, 'Cancellations and returns': 0.0, 'Warranty': 0.0, 'Shopping': 0.0}, Predicted Category: Order
2025-03-15 21:31:38,776 - __main__ - INFO - \U0001f50d Query: 'How long does shipping take?' -> Probabilities: {'Login and Account': 0.0, 'Order': 0.0, 'Shipping': 1.0, 'Cancellations and returns': 0.0, 'Warranty': 0.0, 'Shopping': 0.0}, Predicted Category: Shipping
2025-03-15 21:31:38,848 - __main__ - INFO - \U0001f50d Query: 'I want to return my product.' -> Probabilities: {'Login and Account': 0.0001, 'Order': 0.9677, 'Shipping': 0.0039, 'Cancellations and returns': 0.0279, 'Warranty': 0.0, 'Shopping': 0.0003}, Predicted Category: Order
2025-03-15 21:31:38,921 - __main__ - INFO - \U0001f50d Query: 'Does my laptop come with a warranty?' -> Probabilities: {'Login and Account': 0.9996, 'Order': 0.0, 'Shipping': 0.0, 'Cancellations and returns': 0.0001, 'Warranty': 0.0, 'Shopping': 0.0002}, Predicted Category: Login and Account
2025-03-15 21:31:38,978 - __main__ - INFO - \U0001f50d Query: 'What are the available deals today?' -> Probabilities: {'Login and Account': 0.0, 'Order': 1.0, 'Shipping': 0.0, 'Cancellations and returns': 0.0, 'Warranty': 0.0, 'Shopping': 0.0}, Predicted Category: Order
2025-03-15 21:32:13,417 - __main__ - INFO - Loaded fine-tuned distilBERT from models\fine_tuned_distilbert
2025-03-15 21:32:13,504 - __main__ - INFO - \U0001f50d Query: 'I need to reset my password.' -> Probabilities: {'Login and Account': 1.0, 'Order': 0.0, 'Shipping': 0.0, 'Cancellations and returns': 0.0, 'Warranty': 0.0, 'Shopping': 0.0}, Predicted Category: Login and Account
2025-03-15 21:32:13,573 - __main__ - INFO - \U0001f50d Query: 'Where is my order?' -> Probabilities: {'Login and Account': 0.0, 'Order': 0.974, 'Shipping': 0.0259, 'Cancellations and returns': 0.0, 'Warranty': 0.0, 'Shopping': 0.0}, Predicted Category: Order
2025-03-15 21:32:13,650 - __main__ - INFO - \U0001f50d Query: 'How long does shipping take?' -> Probabilities: {'Login and Account': 0.0, 'Order': 0.0, 'Shipping': 1.0, 'Cancellations and returns': 0.0, 'Warranty': 0.0, 'Shopping': 0.0}, Predicted Category: Shipping
2025-03-15 21:32:13,707 - __main__ - INFO - \U0001f50d Query: 'I want to return my product.' -> Probabilities: {'Login and Account': 0.0001, 'Order': 0.9677, 'Shipping': 0.0039, 'Cancellations and returns': 0.0279, 'Warranty': 0.0, 'Shopping': 0.0003}, Predicted Category: Order
2025-03-15 21:32:13,777 - __main__ - INFO - \U0001f50d Query: 'Does my laptop come with a warranty?' -> Probabilities: {'Login and Account': 0.9996, 'Order': 0.0, 'Shipping': 0.0, 'Cancellations and returns': 0.0001, 'Warranty': 0.0, 'Shopping': 0.0002}, Predicted Category: Login and Account
2025-03-15 21:32:13,833 - __main__ - INFO - \U0001f50d Query: 'What are the available deals today?' -> Probabilities: {'Login and Account': 0.0, 'Order': 1.0, 'Shipping': 0.0, 'Cancellations and returns': 0.0, 'Warranty': 0.0, 'Shopping': 0.0}, Predicted Category: Order
2025-03-15 21:32:51,634 - __main__ - INFO - Loaded fine-tuned distilBERT from models\fine_tuned_distilbert
2025-03-15 21:32:51,703 - __main__ - INFO - \U0001f50d Query: 'I need to reset my password.' -> Probabilities: {'Login and Account': 1.0, 'Order': 0.0, 'Shipping': 0.0, 'Cancellations and returns': 0.0, 'Warranty': 0.0, 'Shopping': 0.0}, Predicted Category: Login and Account
2025-03-15 21:32:51,810 - __main__ - INFO - \U0001f50d Query: 'Where is my order?' -> Probabilities: {'Login and Account': 0.0, 'Order': 0.974, 'Shipping': 0.0259, 'Cancellations and returns': 0.0, 'Warranty': 0.0, 'Shopping': 0.0}, Predicted Category: Order
2025-03-15 21:32:51,934 - __main__ - INFO - \U0001f50d Query: 'How long does shipping take?' -> Probabilities: {'Login and Account': 0.0, 'Order': 0.0, 'Shipping': 1.0, 'Cancellations and returns': 0.0, 'Warranty': 0.0, 'Shopping': 0.0}, Predicted Category: Shipping
2025-03-15 21:32:52,002 - __main__ - INFO - \U0001f50d Query: 'I want to return my product.' -> Probabilities: {'Login and Account': 0.0001, 'Order': 0.9677, 'Shipping': 0.0039, 'Cancellations and returns': 0.0279, 'Warranty': 0.0, 'Shopping': 0.0003}, Predicted Category: Order
2025-03-15 21:32:52,087 - __main__ - INFO - \U0001f50d Query: 'Does my laptop come with a warranty?' -> Probabilities: {'Login and Account': 0.9996, 'Order': 0.0, 'Shipping': 0.0, 'Cancellations and returns': 0.0001, 'Warranty': 0.0, 'Shopping': 0.0002}, Predicted Category: Login and Account
2025-03-15 21:32:52,209 - __main__ - INFO - \U0001f50d Query: 'What are the available deals today?' -> Probabilities: {'Login and Account': 0.0, 'Order': 1.0, 'Shipping': 0.0, 'Cancellations and returns': 0.0, 'Warranty': 0.0, 'Shopping': 0.0}, Predicted Category: Order
2025-03-15 21:33:04,343 - __main__ - INFO - Loaded fine-tuned distilBERT from models\fine_tuned_distilbert
2025-03-15 21:33:04,417 - __main__ - INFO - \U0001f50d Query: 'I need to reset my password.' -> Probabilities: {'Login and Account': 1.0, 'Order': 0.0, 'Shipping': 0.0, 'Cancellations and returns': 0.0, 'Warranty': 0.0, 'Shopping': 0.0}, Predicted Category: Login and Account
2025-03-15 21:33:04,481 - __main__ - INFO - \U0001f50d Query: 'Where is my order?' -> Probabilities: {'Login and Account': 0.0, 'Order': 0.974, 'Shipping': 0.0259, 'Cancellations and returns': 0.0, 'Warranty': 0.0, 'Shopping': 0.0}, Predicted Category: Order
2025-03-15 21:33:04,550 - __main__ - INFO - \U0001f50d Query: 'How long does shipping take?' -> Probabilities: {'Login and Account': 0.0, 'Order': 0.0, 'Shipping': 1.0, 'Cancellations and returns': 0.0, 'Warranty': 0.0, 'Shopping': 0.0}, Predicted Category: Shipping
2025-03-15 21:33:04,606 - __main__ - INFO - \U0001f50d Query: 'I want to return my product.' -> Probabilities: {'Login and Account': 0.0001, 'Order': 0.9677, 'Shipping': 0.0039, 'Cancellations and returns': 0.0279, 'Warranty': 0.0, 'Shopping': 0.0003}, Predicted Category: Order
2025-03-15 21:33:04,667 - __main__ - INFO - \U0001f50d Query: 'Does my laptop come with a warranty?' -> Probabilities: {'Login and Account': 0.9996, 'Order': 0.0, 'Shipping': 0.0, 'Cancellations and returns': 0.0001, 'Warranty': 0.0, 'Shopping': 0.0002}, Predicted Category: Login and Account
2025-03-15 21:33:04,724 - __main__ - INFO - \U0001f50d Query: 'What are the available deals today?' -> Probabilities: {'Login and Account': 0.0, 'Order': 1.0, 'Shipping': 0.0, 'Cancellations and returns': 0.0, 'Warranty': 0.0, 'Shopping': 0.0}, Predicted Category: Order
2025-03-15 21:34:05,874 - __main__ - INFO - Loaded fine-tuned distilBERT from models\fine_tuned_distilbert
2025-03-15 21:34:05,949 - __main__ - INFO - \U0001f50d Query: 'I need to reset my password.' -> Probabilities: {'Login and Account': 1.0, 'Order': 0.0, 'Shipping': 0.0, 'Cancellations and returns': 0.0, 'Warranty': 0.0, 'Shopping': 0.0}, Predicted Category: Login and Account
2025-03-15 21:34:06,031 - __main__ - INFO - \U0001f50d Query: 'Where is my order?' -> Probabilities: {'Login and Account': 0.0, 'Order': 0.974, 'Shipping': 0.0259, 'Cancellations and returns': 0.0, 'Warranty': 0.0, 'Shopping': 0.0}, Predicted Category: Order
2025-03-15 21:34:06,090 - __main__ - INFO - \U0001f50d Query: 'How long does shipping take?' -> Probabilities: {'Login and Account': 0.0, 'Order': 0.0, 'Shipping': 1.0, 'Cancellations and returns': 0.0, 'Warranty': 0.0, 'Shopping': 0.0}, Predicted Category: Shipping
2025-03-15 21:34:06,158 - __main__ - INFO - \U0001f50d Query: 'I want to return my product.' -> Probabilities: {'Login and Account': 0.0001, 'Order': 0.9677, 'Shipping': 0.0039, 'Cancellations and returns': 0.0279, 'Warranty': 0.0, 'Shopping': 0.0003}, Predicted Category: Order
2025-03-15 21:34:06,226 - __main__ - INFO - \U0001f50d Query: 'Does my laptop come with a warranty?' -> Probabilities: {'Login and Account': 0.9996, 'Order': 0.0, 'Shipping': 0.0, 'Cancellations and returns': 0.0001, 'Warranty': 0.0, 'Shopping': 0.0002}, Predicted Category: Login and Account
2025-03-15 21:34:06,280 - __main__ - INFO - \U0001f50d Query: 'What are the available deals today?' -> Probabilities: {'Login and Account': 0.0, 'Order': 1.0, 'Shipping': 0.0, 'Cancellations and returns': 0.0, 'Warranty': 0.0, 'Shopping': 0.0}, Predicted Category: Order
2025-03-15 21:34:47,964 - __main__ - INFO - Loaded fine-tuned distilBERT from models\fine_tuned_distilbert
2025-03-15 21:34:48,042 - __main__ - INFO - \U0001f50d Query: 'I need to reset my password.' -> Probabilities: {'Login and Account': 1.0, 'Order': 0.0, 'Shipping': 0.0, 'Cancellations and returns': 0.0, 'Warranty': 0.0, 'Shopping': 0.0}, Predicted Category: Login and Account
2025-03-15 21:34:48,122 - __main__ - INFO - \U0001f50d Query: 'Where is my order?' -> Probabilities: {'Login and Account': 0.0, 'Order': 0.974, 'Shipping': 0.0259, 'Cancellations and returns': 0.0, 'Warranty': 0.0, 'Shopping': 0.0}, Predicted Category: Order
2025-03-15 21:34:48,218 - __main__ - INFO - \U0001f50d Query: 'How long does shipping take?' -> Probabilities: {'Login and Account': 0.0, 'Order': 0.0, 'Shipping': 1.0, 'Cancellations and returns': 0.0, 'Warranty': 0.0, 'Shopping': 0.0}, Predicted Category: Shipping
2025-03-15 21:34:48,296 - __main__ - INFO - \U0001f50d Query: 'I want to return my product.' -> Probabilities: {'Login and Account': 0.0001, 'Order': 0.9677, 'Shipping': 0.0039, 'Cancellations and returns': 0.0279, 'Warranty': 0.0, 'Shopping': 0.0003}, Predicted Category: Order
2025-03-15 21:34:48,379 - __main__ - INFO - \U0001f50d Query: 'Does my laptop come with a warranty?' -> Probabilities: {'Login and Account': 0.9996, 'Order': 0.0, 'Shipping': 0.0, 'Cancellations and returns': 0.0001, 'Warranty': 0.0, 'Shopping': 0.0002}, Predicted Category: Login and Account
2025-03-15 21:34:48,443 - __main__ - INFO - \U0001f50d Query: 'What are the available deals today?' -> Probabilities: {'Login and Account': 0.0, 'Order': 1.0, 'Shipping': 0.0, 'Cancellations and returns': 0.0, 'Warranty': 0.0, 'Shopping': 0.0}, Predicted Category: Order
